/oscar/data/epavlick/sboppana/multimodal_concept_learning/.venv/lib/python3.13/site-packages/pydantic/_internal/_generate_schema.py:2249: UnsupportedFieldAttributeWarning: The 'repr' attribute with value False was provided to the `Field()` function, which has no effect in the context it was used. 'repr' is field-specific metadata, and can only be attached to a model field using `Annotated` metadata or by assignment. This may have happened because an `Annotated` type alias using the `type` statement was used, or if the `Field()` function was attached to a single member of a union type.
  warnings.warn(
/oscar/data/epavlick/sboppana/multimodal_concept_learning/.venv/lib/python3.13/site-packages/pydantic/_internal/_generate_schema.py:2249: UnsupportedFieldAttributeWarning: The 'frozen' attribute with value True was provided to the `Field()` function, which has no effect in the context it was used. 'frozen' is field-specific metadata, and can only be attached to a model field using `Annotated` metadata or by assignment. This may have happened because an `Annotated` type alias using the `type` statement was used, or if the `Field()` function was attached to a single member of a union type.
  warnings.warn(
`torch_dtype` is deprecated! Use `dtype` instead!
The new embeddings will be initialized from a multivariate normal distribution that has old embeddings' mean and covariance. As described in this article: https://nlp.stanford.edu/~johnhew/vocab-expansion.html. To disable this, use `mean_resizing=False`
/oscar/data/epavlick/sboppana/multimodal_concept_learning/.venv/lib/python3.13/site-packages/umap/umap_.py:1952: UserWarning: n_jobs value 1 overridden to 1 by setting random_state. Use no seed for parallelism.
  warn(
/oscar/data/epavlick/sboppana/multimodal_concept_learning/src/multimodal/token_embedding_analysis.py:333: UserWarning: You passed a edgecolor/edgecolors ('black') for an unfilled marker ('x').  Matplotlib is ignoring the edgecolor in favor of the facecolor.  This behavior may change in the future.
  ax.scatter(x, y, c=[color], marker=marker, s=size, alpha=0.8, edgecolors='black', linewidth=0.5)
/oscar/data/epavlick/sboppana/multimodal_concept_learning/src/multimodal/token_embedding_analysis.py:341: UserWarning: You passed a edgecolor/edgecolors ('black') for an unfilled marker ('x').  Matplotlib is ignoring the edgecolor in favor of the facecolor.  This behavior may change in the future.
  ax.scatter([], [], c='black', marker='x', s=80, label='Regular', edgecolors='black')
/oscar/data/epavlick/sboppana/multimodal_concept_learning/.venv/lib/python3.13/site-packages/umap/umap_.py:1952: UserWarning: n_jobs value 1 overridden to 1 by setting random_state. Use no seed for parallelism.
  warn(
Traceback (most recent call last):
  File "/oscar/data/epavlick/sboppana/multimodal_concept_learning/src/multimodal/token_embedding_analysis.py", line 680, in <module>
    main()
    ~~~~^^
  File "/oscar/data/epavlick/sboppana/multimodal_concept_learning/src/multimodal/token_embedding_analysis.py", line 666, in main
    create_regular_tokens_analysis(embeddings_by_epoch, regular_tokens, regular_token_ids,
    ~~~~~~~~~~~~~~~~~~~~~~~~~~~~~~^^^^^^^^^^^^^^^^^^^^^^^^^^^^^^^^^^^^^^^^^^^^^^^^^^^^^^^^
                                 labels_mapping, args.output_dir)
                                 ^^^^^^^^^^^^^^^^^^^^^^^^^^^^^^^^
  File "/oscar/data/epavlick/sboppana/multimodal_concept_learning/src/multimodal/token_embedding_analysis.py", line 542, in create_regular_tokens_analysis
    pca.fit(regular_epoch_embeddings['initial'])
    ~~~~~~~^^^^^^^^^^^^^^^^^^^^^^^^^^^^^^^^^^^^^
  File "/oscar/data/epavlick/sboppana/multimodal_concept_learning/.venv/lib/python3.13/site-packages/sklearn/base.py", line 1365, in wrapper
    return fit_method(estimator, *args, **kwargs)
  File "/oscar/data/epavlick/sboppana/multimodal_concept_learning/.venv/lib/python3.13/site-packages/sklearn/decomposition/_pca.py", line 440, in fit
    self._fit(X)
    ~~~~~~~~~^^^
  File "/oscar/data/epavlick/sboppana/multimodal_concept_learning/.venv/lib/python3.13/site-packages/sklearn/decomposition/_pca.py", line 540, in _fit
    return self._fit_full(X, n_components, xp, is_array_api_compliant)
           ~~~~~~~~~~~~~~^^^^^^^^^^^^^^^^^^^^^^^^^^^^^^^^^^^^^^^^^^^^^
  File "/oscar/data/epavlick/sboppana/multimodal_concept_learning/.venv/lib/python3.13/site-packages/sklearn/decomposition/_pca.py", line 554, in _fit_full
    raise ValueError(
    ...<3 lines>...
    )
ValueError: n_components=32 must be between 0 and min(n_samples, n_features)=6 with svd_solver='full'
