## SLURM PROLOG ###############################################################
##    Job ID : 13539807
##  Job Name : token_analysis
##  Nodelist : gpu2002
##      CPUs : 
##  Mem/Node : 16384 MB
## Directory : /oscar/data/epavlick/sboppana/multimodal_concept_learning
##   Job Started : Fri Oct 24 11:47:52 AM EDT 2025
###############################################################################
Loading embeddings from: /users/sboppana/data/sboppana/multimodal_concept_learning/results/multimodal/color/12_colors_3k
Saving plots to: /users/sboppana/data/sboppana/multimodal_concept_learning/results/multimodal/color/12_colors_3k/token_analysis
Loaded saved tokenizer with vocabulary size: 262151
Loaded initial model embeddings: torch.Size([262151, 1152])
Total loaded 1 embedding matrices
Found 6 OOD tokens and 6 regular tokens in labels mapping
OOD tokens: ['<ood 1>', '<ood 2>', '<ood 3>', '<ood 4>', '<ood 5>', '<ood 6>']
Tokenizer vocabulary size: 262151
Regular tokens: 6
OOD tokens: 6

=== Token Analysis ===
Total vocabulary size: 262151
Regular tokens: 6
OOD tokens: 6

Sample regular tokens: ['blue', 'green', 'cyan', 'red', 'magenta']

Sample OOD tokens: ['<ood 1>', '<ood 2>', '<ood 3>', '<ood 4>', '<ood 5>']

OOD token IDs: [262145, 262146, 262147, 262148, 262149, 262150]
Regular token IDs: [9503, 10671, 57182, 1192, 96984, 23861]...
Analyzing 12 tokens across 1 epochs
initial: (12, 1152)

Applying PCA downscaling to 32 dimensions...
Token embedding analysis completed at Fri Oct 24 11:48:28 AM EDT 2025
