## SLURM PROLOG ###############################################################
##    Job ID : 13539809
##  Job Name : token_analysis
##  Nodelist : gpu2002
##      CPUs : 
##  Mem/Node : 16384 MB
## Directory : /oscar/data/epavlick/sboppana/multimodal_concept_learning
##   Job Started : Fri Oct 24 11:48:34 AM EDT 2025
###############################################################################
Loading embeddings from: /users/sboppana/data/sboppana/multimodal_concept_learning/results/multimodal/color/48_colors_750
Saving plots to: /users/sboppana/data/sboppana/multimodal_concept_learning/results/multimodal/color/48_colors_750/token_analysis
Loaded saved tokenizer with vocabulary size: 262187
Loaded initial model embeddings: torch.Size([262187, 1152])
Loaded epoch 0 embeddings: torch.Size([262187, 1152])
Loaded epoch 1 embeddings: torch.Size([262187, 1152])
Loaded epoch 2 embeddings: torch.Size([262187, 1152])
Loaded epoch 3 embeddings: torch.Size([262187, 1152])
Loaded epoch 4 embeddings: torch.Size([262187, 1152])
Loaded epoch 5 embeddings: torch.Size([262187, 1152])
Loaded epoch 6 embeddings: torch.Size([262187, 1152])
Loaded epoch 7 embeddings: torch.Size([262187, 1152])
Loaded epoch 8 embeddings: torch.Size([262187, 1152])
Loaded epoch 9 embeddings: torch.Size([262187, 1152])
Total loaded 11 embedding matrices
Found 42 OOD tokens and 6 regular tokens in labels mapping
OOD tokens: ['<ood 1>', '<ood 2>', '<ood 3>', '<ood 4>', '<ood 5>', '<ood 6>', '<ood 7>', '<ood 8>', '<ood 9>', '<ood 10>', '<ood 11>', '<ood 12>', '<ood 13>', '<ood 14>', '<ood 15>', '<ood 16>', '<ood 17>', '<ood 18>', '<ood 19>', '<ood 20>', '<ood 21>', '<ood 22>', '<ood 23>', '<ood 24>', '<ood 25>', '<ood 26>', '<ood 27>', '<ood 28>', '<ood 29>', '<ood 30>', '<ood 31>', '<ood 32>', '<ood 33>', '<ood 34>', '<ood 35>', '<ood 36>', '<ood 37>', '<ood 38>', '<ood 39>', '<ood 40>', '<ood 41>', '<ood 42>']
Tokenizer vocabulary size: 262187
Regular tokens: 6
OOD tokens: 42

=== Token Analysis ===
Total vocabulary size: 262187
Regular tokens: 6
OOD tokens: 42

Sample regular tokens: ['blue', 'green', 'cyan', 'red', 'magenta']

Sample OOD tokens: ['<ood 1>', '<ood 2>', '<ood 3>', '<ood 4>', '<ood 5>']

OOD token IDs: [262145, 262146, 262147, 262148, 262149, 262150, 262151, 262152, 262153, 262154, 262155, 262156, 262157, 262158, 262159, 262160, 262161, 262162, 262163, 262164, 262165, 262166, 262167, 262168, 262169, 262170, 262171, 262172, 262173, 262174, 262175, 262176, 262177, 262178, 262179, 262180, 262181, 262182, 262183, 262184, 262185, 262186]
Regular token IDs: [9503, 10671, 57182, 1192, 96984, 23861]...
Analyzing 48 tokens across 11 epochs
initial: (48, 1152)
epoch_0: (48, 1152)
epoch_1: (48, 1152)
epoch_2: (48, 1152)
epoch_3: (48, 1152)
epoch_4: (48, 1152)
epoch_5: (48, 1152)
epoch_6: (48, 1152)
epoch_7: (48, 1152)
epoch_8: (48, 1152)
epoch_9: (48, 1152)

Applying PCA downscaling to 32 dimensions...
PCA transformed initial: (48, 32)
PCA transformed epoch_0: (48, 32)
PCA transformed epoch_1: (48, 32)
PCA transformed epoch_2: (48, 32)
PCA transformed epoch_3: (48, 32)
PCA transformed epoch_4: (48, 32)
PCA transformed epoch_5: (48, 32)
PCA transformed epoch_6: (48, 32)
PCA transformed epoch_7: (48, 32)
PCA transformed epoch_8: (48, 32)
PCA transformed epoch_9: (48, 32)

Fitting UMAP on PCA-reduced initial embeddings...
Transformed initial: (48, 2)
Transformed epoch_0: (48, 2)
Transformed epoch_1: (48, 2)
Transformed epoch_2: (48, 2)
Transformed epoch_3: (48, 2)
Transformed epoch_4: (48, 2)
Transformed epoch_5: (48, 2)
Transformed epoch_6: (48, 2)
Transformed epoch_7: (48, 2)
Transformed epoch_8: (48, 2)
Transformed epoch_9: (48, 2)
Extracted RGB colors for 48 tokens
Saved UMAP plot to /users/sboppana/data/sboppana/multimodal_concept_learning/results/multimodal/color/48_colors_750/token_analysis/token_embeddings_umap.png

=== RGB Color Information ===
Regular tokens:
  blue: RGB(0.000, 0.000, 1.000)
  green: RGB(0.000, 1.000, 0.000)
  cyan: RGB(0.000, 1.000, 1.000)
  red: RGB(1.000, 0.000, 0.000)
  magenta: RGB(1.000, 0.000, 1.000)
  yellow: RGB(1.000, 1.000, 0.000)

OOD tokens (first 5):
  <ood 1>: RGB(0.000, 0.502, 1.000)
  <ood 2>: RGB(0.000, 0.627, 1.000)
  <ood 3>: RGB(0.000, 0.753, 1.000)
  <ood 4>: RGB(0.000, 1.000, 0.502)
  <ood 5>: RGB(0.000, 1.000, 0.627)
  ... and 37 more OOD tokens
=== Creating 3D UMAP Visualization ===
Using epoch_9 for 3D visualization
Token embeddings shape: (48, 1152)
Applying PCA downscaling to 32 dimensions for 3D UMAP...
PCA transformed embeddings shape: (48, 32)
Fitting 3D UMAP...
3D projections shape: (48, 3)
Saved 3D UMAP plot to /users/sboppana/data/sboppana/multimodal_concept_learning/results/multimodal/color/48_colors_750/token_analysis/token_embeddings_3d_umap.html
3D UMAP visualization complete!
=== Regular Tokens UMAP Analysis ===
initial: (6, 1152)
epoch_0: (6, 1152)
epoch_1: (6, 1152)
epoch_2: (6, 1152)
epoch_3: (6, 1152)
epoch_4: (6, 1152)
epoch_5: (6, 1152)
epoch_6: (6, 1152)
epoch_7: (6, 1152)
epoch_8: (6, 1152)
epoch_9: (6, 1152)

Applying PCA downscaling to 32 dimensions for regular tokens...
Token embedding analysis completed at Fri Oct 24 11:50:35 AM EDT 2025
